I tensorflow/stream_executor/dso_loader.cc:108] successfully opened CUDA library libcublas.so locally
I tensorflow/stream_executor/dso_loader.cc:108] successfully opened CUDA library libcudnn.so locally
I tensorflow/stream_executor/dso_loader.cc:108] successfully opened CUDA library libcufft.so locally
I tensorflow/stream_executor/dso_loader.cc:108] successfully opened CUDA library libcuda.so locally
I tensorflow/stream_executor/dso_loader.cc:108] successfully opened CUDA library libcurand.so locally
I tensorflow/core/common_runtime/gpu/gpu_init.cc:102] Found device 0 with properties: 
name: GeForce GTX TITAN X
major: 5 minor: 2 memoryClockRate (GHz) 1.2155
pciBusID 0000:02:00.0
Total memory: 12.00GiB
Free memory: 11.87GiB
I tensorflow/core/common_runtime/gpu/gpu_init.cc:102] Found device 1 with properties: 
name: GeForce GTX TITAN X
major: 5 minor: 2 memoryClockRate (GHz) 1.2155
pciBusID 0000:01:00.0
Total memory: 12.00GiB
Free memory: 10.74GiB
I tensorflow/core/common_runtime/gpu/gpu_init.cc:126] DMA: 0 1 
I tensorflow/core/common_runtime/gpu/gpu_init.cc:136] 0:   Y Y 
I tensorflow/core/common_runtime/gpu/gpu_init.cc:136] 1:   Y Y 
I tensorflow/core/common_runtime/gpu/gpu_device.cc:756] Creating TensorFlow device (/gpu:0) -> (device: 0, name: GeForce GTX TITAN X, pci bus id: 0000:02:00.0)
I tensorflow/core/common_runtime/gpu/gpu_device.cc:756] Creating TensorFlow device (/gpu:1) -> (device: 1, name: GeForce GTX TITAN X, pci bus id: 0000:01:00.0)
using Device: /gpu:0
###
### Networks initialized
### Ready to begin
###
Number of configs: 10
configs:
[[0, 0, 0], [0, 0, 0], [0, 0, 0], [0, 0, 0], [0, 0, 0], [0, 0, 0], [0, 0, 0], [0, 0, 0], [0, 0, 0], [0, 0, 0]]
new thread of id: 0
new thread of id: 1
new thread of id: 2
new thread of id: 3
new thread of id: 4
new thread of id: 5
new thread of id: 6
new thread of id: 7
new thread of id: 8
new thread of id: 9
Connecting to db...
Connecting to db...
Connecting to db...
 Connecting to db...Connecting to db...
Connecting to db...

Connecting to db...
 Connecting to db...Connecting to db...

Connecting to db...
Connected.
Connected.
Connected.
Connected.Connected.

Connected.
Connected.
Connected.
Connected.
Connected.
0.0.0 reached episode 50
0.0.0 reached episode 50
0.0.0 reached episode 50
0.0.0 reached episode 50
0.0.0 reached episode 50
0.0.0 reached episode 50
0.0.0 reached episode 50
0.0.0 reached episode 50
0.0.0 reached episode 50
0.0.0 reached episode 50
0.0.0 reached episode 100
0.0.0 reached episode 100
0.0.0 reached episode 100
0.0.0 reached episode 100
0.0.0 reached episode 100
0.0.0 reached episode 100
0.0.0 reached episode 100
0.0.0 reached episode 100
0.0.0 reached episode 100
0.0.0 reached episode 100
0.0.0 reached episode 150
0.0.0 reached episode 150
0.0.0 reached episode 150
0.0.0 reached episode 150
0.0.0 reached episode 150
0.0.0 reached episode 150
0.0.0 reached episode 150
0.0.0 reached episode 150
0.0.0 reached episode 150
0.0.0 reached episode 150
0.0.0 reached episode 200
0.0.0 reached episode 200
0.0.0 reached episode 200
0.0.0 reached episode 200
0.0.0 reached episode 200
0.0.0 reached episode 200
0.0.0 reached episode 200
0.0.0 reached episode 200
0.0.0 reached episode 200
0.0.0 reached episode 200
0.0.0 reached episode 250
0.0.0 reached episode 250
0.0.0 reached episode 250
0.0.0 reached episode 250
0.0.0 reached episode 250
0.0.0 reached episode 250
0.0.0 reached episode 250
0.0.0 reached episode 250
0.0.0 reached episode 250
0.0.0 reached episode 250
0.0.0 reached episode 300
0.0.0 reached episode 300
0.0.0 reached episode 300
0.0.0 reached episode 300
0.0.0 reached episode 300
0.0.0 reached episode 300
0.0.0 reached episode 300
0.0.0 reached episode 300
0.0.0 reached episode 300
0.0.0 reached episode 300
0.0.0 reached episode 350
0.0.0 reached episode 350
0.0.0 reached episode 350
0.0.0 reached episode 350
0.0.0 reached episode 350
0.0.0 reached episode 350
0.0.0 reached episode 350
0.0.0 reached episode 350
0.0.0 reached episode 350
0.0.0 reached episode 350
0.0.0 reached episode 400
0.0.0 reached episode 400
0.0.0 reached episode 400
0.0.0 reached episode 400
0.0.0 reached episode 400
0.0.0 reached episode 400
0.0.0 reached episode 400
0.0.0 reached episode 400
0.0.0 reached episode 400
0.0.0 reached episode 400
0.0.0 reached episode 450
0.0.0 reached episode 450
0.0.0 reached episode 450
0.0.0 reached episode 450
0.0.0 reached episode 450
0.0.0 reached episode 450
0.0.0 reached episode 450
0.0.0 reached episode 450
0.0.0 reached episode 450
0.0.0 reached episode 450
0.0.0 reached episode 500
0.0.0 reached episode 500
0.0.0 reached episode 500
0.0.0 reached episode 500
0.0.0 reached episode 500
0.0.0 reached episode 500
0.0.0 reached episode 500
0.0.0 reached episode 500
0.0.0 reached episode 500
0.0.0 reached episode 500
0.0.0 reached episode 550
0.0.0 reached episode 550
0.0.0 reached episode 550
0.0.0 reached episode 550
0.0.0 reached episode 550
0.0.0 reached episode 550
0.0.0 reached episode 550
0.0.0 reached episode 550
0.0.0 reached episode 550
0.0.0 reached episode 550
0.0.0 reached episode 600
0.0.0 reached episode 600
0.0.0 reached episode 600
0.0.0 reached episode 600
0.0.0 reached episode 600
0.0.0 reached episode 600
0.0.0 reached episode 600
0.0.0 reached episode 600
0.0.0 reached episode 600
0.0.0 reached episode 600
0.0.0 reached episode 650
0.0.0 reached episode 650
0.0.0 reached episode 650
0.0.0 reached episode 650
0.0.0 reached episode 650
0.0.0 reached episode 650
0.0.0 reached episode 650
0.0.0 reached episode 650
0.0.0 reached episode 650
0.0.0 reached episode 650
0.0.0 reached episode 700
0.0.0 reached episode 700
0.0.0 reached episode 700
0.0.0 reached episode 700
0.0.0 reached episode 700
0.0.0 reached episode 700
0.0.0 reached episode 700
0.0.0 reached episode 700
0.0.0 reached episode 700
0.0.0 reached episode 700
0.0.0 reached episode 750
0.0.0 reached episode 750
0.0.0 reached episode 750
0.0.0 reached episode 750
0.0.0 reached episode 750
0.0.0 reached episode 750
0.0.0 reached episode 750
0.0.0 reached episode 750
0.0.0 reached episode 750
0.0.0 reached episode 750
0.0.0 reached episode 800
0.0.0 reached episode 800
0.0.0 reached episode 800
0.0.0 reached episode 800
0.0.0 reached episode 800
0.0.0 reached episode 800
0.0.0 reached episode 800
0.0.0 reached episode 800
0.0.0 reached episode 800
0.0.0 reached episode 800
0.0.0 reached episode 850
0.0.0 reached episode 850
0.0.0 reached episode 850
0.0.0 reached episode 850
0.0.0 reached episode 850
0.0.0 reached episode 850
0.0.0 reached episode 850
0.0.0 reached episode 850
0.0.0 reached episode 850
0.0.0 reached episode 850
0.0.0 reached episode 900
0.0.0 reached episode 900
0.0.0 reached episode 900
0.0.0 reached episode 900
0.0.0 reached episode 900
0.0.0 reached episode 900
0.0.0 reached episode 900
0.0.0 reached episode 900
0.0.0 reached episode 900
0.0.0 reached episode 900
0.0.0 reached episode 950
0.0.0 reached episode 950
0.0.0 reached episode 950
0.0.0 reached episode 950
0.0.0 reached episode 950
0.0.0 reached episode 950
0.0.0 reached episode 950
0.0.0 reached episode 950
0.0.0 reached episode 950
0.0.0 reached episode 950
0.0.0 reached episode 1000
0.0.0 reached episode 1000
0.0.0 reached episode 1000
0.0.0 reached episode 1000
0.0.0 reached episode 1000
0.0.0 reached episode 1000
0.0.0 reached episode 1000
0.0.0 reached episode 1000
0.0.0 reached episode 1000
0.0.0 reached episode 1000
0.0.0 reached episode 1050
0.0.0 reached episode 1050
0.0.0 reached episode 1050
0.0.0 reached episode 1050
0.0.0 reached episode 1050
0.0.0 reached episode 1050
0.0.0 reached episode 1050
0.0.0 reached episode 1050
0.0.0 reached episode 1050
0.0.0 reached episode 1050
0.0.0 reached episode 1100
0.0.0 reached episode 1100
0.0.0 reached episode 1100
0.0.0 reached episode 1100
0.0.0 reached episode 1100
0.0.0 reached episode 1100
0.0.0 reached episode 1100
0.0.0 reached episode 1100
0.0.0 reached episode 1100
0.0.0 reached episode 1100
0.0.0 reached episode 1150
0.0.0 reached episode 1150
0.0.0 reached episode 1150
0.0.0 reached episode 1150
0.0.0 reached episode 1150
0.0.0 reached episode 1150
0.0.0 reached episode 1150
0.0.0 reached episode 1150
0.0.0 reached episode 1150
0.0.0 reached episode 1150
0.0.0 reached episode 1200
0.0.0 reached episode 1200
0.0.0 reached episode 1200
0.0.0 reached episode 1200
0.0.0 reached episode 1200
0.0.0 reached episode 1200
0.0.0 reached episode 1200
0.0.0 reached episode 1200
0.0.0 reached episode 1200
0.0.0 reached episode 1200
0.0.0 reached episode 1250
0.0.0 reached episode 1250
0.0.0 reached episode 1250
0.0.0 reached episode 1250
0.0.0 reached episode 1250
0.0.0 reached episode 1250
0.0.0 reached episode 1250
0.0.0 reached episode 1250
0.0.0 reached episode 1250
0.0.0 reached episode 1250
0.0.0 reached episode 1300
0.0.0 reached episode 1300
0.0.0 reached episode 1300
0.0.0 reached episode 1300
0.0.0 reached episode 1300
0.0.0 reached episode 1300
0.0.0 reached episode 1300
0.0.0 reached episode 1300
0.0.0 reached episode 1300
0.0.0 reached episode 1300
0.0.0 reached episode 1350
0.0.0 reached episode 1350
0.0.0 reached episode 1350
0.0.0 reached episode 1350
0.0.0 reached episode 1350
0.0.0 reached episode 1350
0.0.0 reached episode 1350
0.0.0 reached episode 1350
0.0.0 reached episode 1350
0.0.0 reached episode 1350
0.0.0 reached episode 1400
0.0.0 reached episode 1400
0.0.0 reached episode 1400
0.0.0 reached episode 1400
0.0.0 reached episode 1400
0.0.0 reached episode 1400
0.0.0 reached episode 1400
0.0.0 reached episode 1400
0.0.0 reached episode 1400
0.0.0 reached episode 1400
0.0.0 reached episode 1450
0.0.0 reached episode 1450
0.0.0 reached episode 1450
0.0.0 reached episode 1450
0.0.0 reached episode 1450
0.0.0 reached episode 1450
0.0.0 reached episode 1450
0.0.0 reached episode 1450
0.0.0 reached episode 1450
0.0.0 reached episode 1450
0.0.0 reached episode 1500
0.0.0 reached episode 1500
0.0.0 reached episode 1500
0.0.0 reached episode 1500
0.0.0 reached episode 1500
0.0.0 reached episode 1500
0.0.0 reached episode 1500
0.0.0 reached episode 1500
0.0.0 reached episode 1500
0.0.0 reached episode 1500
0.0.0 reached episode 1550
0.0.0 reached episode 1550
0.0.0 reached episode 1550
0.0.0 reached episode 1550
0.0.0 reached episode 1550
0.0.0 reached episode 1550
0.0.0 reached episode 1550
0.0.0 reached episode 1550
0.0.0 reached episode 1550
0.0.0 reached episode 1550
0.0.0 reached episode 1600
0.0.0 reached episode 1600
0.0.0 reached episode 1600
0.0.0 reached episode 1600
0.0.0 reached episode 1600
0.0.0 reached episode 1600
0.0.0 reached episode 1600
0.0.0 reached episode 1600
0.0.0 reached episode 1600
0.0.0 reached episode 1600
0.0.0 reached episode 1650
0.0.0 reached episode 1650
0.0.0 reached episode 1650
0.0.0 reached episode 1650
0.0.0 reached episode 1650
0.0.0 reached episode 1650
0.0.0 reached episode 1650
0.0.0 reached episode 1650
0.0.0 reached episode 1650
0.0.0 reached episode 1650
0.0.0 reached episode 1700
0.0.0 reached episode 1700
0.0.0 reached episode 1700
0.0.0 reached episode 1700
0.0.0 reached episode 1700
0.0.0 reached episode 1700
0.0.0 reached episode 1700
0.0.0 reached episode 1700
0.0.0 reached episode 1700
0.0.0 reached episode 1700
0.0.0 reached episode 1750
0.0.0 reached episode 1750
0.0.0 reached episode 1750
0.0.0 reached episode 1750
0.0.0 reached episode 1750
0.0.0 reached episode 1750
0.0.0 reached episode 1750
0.0.0 reached episode 1750
0.0.0 reached episode 1750
0.0.0 reached episode 1750
0.0.0 reached episode 1800
0.0.0 reached episode 1800
0.0.0 reached episode 1800
0.0.0 reached episode 1800
0.0.0 reached episode 1800
0.0.0 reached episode 1800
0.0.0 reached episode 1800
0.0.0 reached episode 1800
0.0.0 reached episode 1800
0.0.0 reached episode 1800
0.0.0 reached episode 1850
0.0.0 reached episode 1850
0.0.0 reached episode 1850
0.0.0 reached episode 1850
0.0.0 reached episode 1850
0.0.0 reached episode 1850
0.0.0 reached episode 1850
0.0.0 reached episode 1850
0.0.0 reached episode 1850
0.0.0 reached episode 1850
0.0.0 reached episode 1900
0.0.0 reached episode 1900
0.0.0 reached episode 1900
0.0.0 reached episode 1900
0.0.0 reached episode 1900
0.0.0 reached episode 1900
0.0.0 reached episode 1900
0.0.0 reached episode 1900
0.0.0 reached episode 1900
0.0.0 reached episode 1900
0.0.0 reached episode 1950
0.0.0 reached episode 1950
0.0.0 reached episode 1950
0.0.0 reached episode 1950
0.0.0 reached episode 1950
0.0.0 reached episode 1950
0.0.0 reached episode 1950
0.0.0 reached episode 1950
0.0.0 reached episode 1950
0.0.0 reached episode 1950
0.0.0 reached episode 2000
0.0.0 reached episode 2000
0.0.0 reached episode 2000
0.0.0 reached episode 2000
0.0.0 reached episode 2000
0.0.0 reached episode 2000
0.0.0 reached episode 2000
0.0.0 reached episode 2000
0.0.0 reached episode 2000
0.0.0 reached episode 2000
0.0.0 reached episode 2050
0.0.0 reached episode 2050
0.0.0 reached episode 2050
0.0.0 reached episode 2050
0.0.0 reached episode 2050
0.0.0 reached episode 2050
0.0.0 reached episode 2050
0.0.0 reached episode 2050
0.0.0 reached episode 2050
0.0.0 reached episode 2050
0.0.0 reached episode 2100
0.0.0 reached episode 2100
0.0.0 reached episode 2100
0.0.0 reached episode 2100
0.0.0 reached episode 2100
0.0.0 reached episode 2100
0.0.0 reached episode 2100
0.0.0 reached episode 2100
0.0.0 reached episode 2100
0.0.0 reached episode 2100
0.0.0 reached episode 2150
0.0.0 reached episode 2150
0.0.0 reached episode 2150
0.0.0 reached episode 2150
0.0.0 reached episode 2150
0.0.0 reached episode 2150
0.0.0 reached episode 2150
0.0.0 reached episode 2150
0.0.0 reached episode 2150
0.0.0 reached episode 2150
0.0.0 reached episode 2200
0.0.0 reached episode 2200
0.0.0 reached episode 2200
0.0.0 reached episode 2200
0.0.0 reached episode 2200
0.0.0 reached episode 2200
0.0.0 reached episode 2200
0.0.0 reached episode 2200
0.0.0 reached episode 2200
0.0.0 reached episode 2200
0.0.0 reached episode 2250
0.0.0 reached episode 2250
0.0.0 reached episode 2250
0.0.0 reached episode 2250
0.0.0 reached episode 2250
0.0.0 reached episode 2250
0.0.0 reached episode 2250
0.0.0 reached episode 2250
0.0.0 reached episode 2250
0.0.0 reached episode 2250
0.0.0 reached episode 2300
0.0.0 reached episode 2300
0.0.0 reached episode 2300
0.0.0 reached episode 2300
0.0.0 reached episode 2300
0.0.0 reached episode 2300
0.0.0 reached episode 2300
0.0.0 reached episode 2300
0.0.0 reached episode 2300
0.0.0 reached episode 2300
0.0.0 reached episode 2350
0.0.0 reached episode 2350
0.0.0 reached episode 2350
0.0.0 reached episode 2350
0.0.0 reached episode 2350
0.0.0 reached episode 2350
0.0.0 reached episode 2350
0.0.0 reached episode 2350
0.0.0 reached episode 2350
0.0.0 reached episode 2350
0.0.0 reached episode 2400
0.0.0 reached episode 2400
0.0.0 reached episode 2400
0.0.0 reached episode 2400
0.0.0 reached episode 2400
0.0.0 reached episode 2400
0.0.0 reached episode 2400
0.0.0 reached episode 2400
0.0.0 reached episode 2400
0.0.0 reached episode 2400
0.0.0 reached episode 2450
0.0.0 reached episode 2450
0.0.0 reached episode 2450
0.0.0 reached episode 2450
0.0.0 reached episode 2450
0.0.0 reached episode 2450
0.0.0 reached episode 2450
0.0.0 reached episode 2450
0.0.0 reached episode 2450
0.0.0 reached episode 2450
0.0.0 reached episode 2500
0.0.0 reached episode 2500
0.0.0 reached episode 2500
0.0.0 reached episode 2500
0.0.0 reached episode 2500
0.0.0 reached episode 2500
0.0.0 reached episode 2500
0.0.0 reached episode 2500
0.0.0 reached episode 2500
0.0.0 reached episode 2500
0.0.0 reached episode 2550
0.0.0 reached episode 2550
0.0.0 reached episode 2550
0.0.0 reached episode 2550
0.0.0 reached episode 2550
0.0.0 reached episode 2550
0.0.0 reached episode 2550
0.0.0 reached episode 2550
0.0.0 reached episode 2550
0.0.0 reached episode 2550
0.0.0 reached episode 2600
0.0.0 reached episode 2600
0.0.0 reached episode 2600
0.0.0 reached episode 2600
0.0.0 reached episode 2600
0.0.0 reached episode 2600
0.0.0 reached episode 2600
0.0.0 reached episode 2600
0.0.0 reached episode 2600
0.0.0 reached episode 2600
0.0.0 reached episode 2650
0.0.0 reached episode 2650
0.0.0 reached episode 2650
0.0.0 reached episode 2650
0.0.0 reached episode 2650
0.0.0 reached episode 2650
0.0.0 reached episode 2650
0.0.0 reached episode 2650
0.0.0 reached episode 2650
0.0.0 reached episode 2650
0.0.0 reached episode 2700
0.0.0 reached episode 2700
0.0.0 reached episode 2700
0.0.0 reached episode 2700
0.0.0 reached episode 2700
0.0.0 reached episode 2700
0.0.0 reached episode 2700
0.0.0 reached episode 2700
0.0.0 reached episode 2700
0.0.0 reached episode 2700
0.0.0 reached episode 2750
0.0.0 reached episode 2750
0.0.0 reached episode 2750
0.0.0 reached episode 2750
0.0.0 reached episode 2750
0.0.0 reached episode 2750
0.0.0 reached episode 2750
0.0.0 reached episode 2750
0.0.0 reached episode 2750
0.0.0 reached episode 2750
0.0.0 reached episode 2800
0.0.0 reached episode 2800
0.0.0 reached episode 2800
0.0.0 reached episode 2800
0.0.0 reached episode 2800
0.0.0 reached episode 2800
0.0.0 reached episode 2800
0.0.0 reached episode 2800
0.0.0 reached episode 2800
0.0.0 reached episode 2800
0.0.0 reached episode 2850
0.0.0 reached episode 2850
0.0.0 reached episode 2850
0.0.0 reached episode 2850
0.0.0 reached episode 2850
0.0.0 reached episode 2850
0.0.0 reached episode 2850
0.0.0 reached episode 2850
0.0.0 reached episode 2850
0.0.0 reached episode 2850
0.0.0 reached episode 2900
0.0.0 reached episode 2900
0.0.0 reached episode 2900
0.0.0 reached episode 2900
0.0.0 reached episode 2900
0.0.0 reached episode 2900
0.0.0 reached episode 2900
0.0.0 reached episode 2900
0.0.0 reached episode 2900
0.0.0 reached episode 2900
0.0.0 reached episode 2950
0.0.0 reached episode 2950
0.0.0 reached episode 2950
0.0.0 reached episode 2950
0.0.0 reached episode 2950
0.0.0 reached episode 2950
0.0.0 reached episode 2950
0.0.0 reached episode 2950
0.0.0 reached episode 2950
0.0.0 reached episode 2950
0.0.0 reached episode 3000
0.0.0 reached episode 3000
0.0.0 reached episode 3000
0.0.0 reached episode 3000
0.0.0 reached episode 3000
0.0.0 reached episode 3000
0.0.0 reached episode 3000
0.0.0 reached episode 3000
0.0.0 reached episode 3000
0.0.0 reached episode 3000
0.0.0 reached episode 3050
0.0.0 reached episode 3050
0.0.0 reached episode 3050
0.0.0 reached episode 3050
0.0.0 reached episode 3050
0.0.0 reached episode 3050
0.0.0 reached episode 3050
0.0.0 reached episode 3050
0.0.0 reached episode 3050
0.0.0 reached episode 3050
0.0.0 reached episode 3100
0.0.0 reached episode 3100
0.0.0 reached episode 3100
0.0.0 reached episode 3100
0.0.0 reached episode 3100
0.0.0 reached episode 3100
0.0.0 reached episode 3100
0.0.0 reached episode 3100
0.0.0 reached episode 3100
0.0.0 reached episode 3100
0.0.0 reached episode 3150
0.0.0 reached episode 3150
0.0.0 reached episode 3150
0.0.0 reached episode 3150
0.0.0 reached episode 3150
0.0.0 reached episode 3150
0.0.0 reached episode 3150
0.0.0 reached episode 3150
0.0.0 reached episode 3150
0.0.0 reached episode 3150
0.0.0 reached episode 3200
0.0.0 reached episode 3200
0.0.0 reached episode 3200
0.0.0 reached episode 3200
0.0.0 reached episode 3200
0.0.0 reached episode 3200
0.0.0 reached episode 3200
0.0.0 reached episode 3200
0.0.0 reached episode 3200
0.0.0 reached episode 3200
0.0.0 reached episode 3250
0.0.0 reached episode 3250
0.0.0 reached episode 3250
0.0.0 reached episode 3250
0.0.0 reached episode 3250
0.0.0 reached episode 3250
0.0.0 reached episode 3250
0.0.0 reached episode 3250
0.0.0 reached episode 3250
0.0.0 reached episode 3250
0.0.0 reached episode 3300
0.0.0 reached episode 3300
0.0.0 reached episode 3300
0.0.0 reached episode 3300
0.0.0 reached episode 3300
0.0.0 reached episode 3300
0.0.0 reached episode 3300
0.0.0 reached episode 3300
0.0.0 reached episode 3300
0.0.0 reached episode 3300
0.0.0 reached episode 3350
0.0.0 reached episode 3350
0.0.0 reached episode 3350
0.0.0 reached episode 3350
0.0.0 reached episode 3350
0.0.0 reached episode 3350
0.0.0 reached episode 3350
0.0.0 reached episode 3350
0.0.0 reached episode 3350
0.0.0 reached episode 3350
0.0.0 reached episode 3400
0.0.0 reached episode 3400
0.0.0 reached episode 3400
0.0.0 reached episode 3400
0.0.0 reached episode 3400
0.0.0 reached episode 3400
0.0.0 reached episode 3400
0.0.0 reached episode 3400
0.0.0 reached episode 3400
0.0.0 reached episode 3400
0.0.0 reached episode 3450
0.0.0 reached episode 3450
0.0.0 reached episode 3450
0.0.0 reached episode 3450
0.0.0 reached episode 3450
0.0.0 reached episode 3450
0.0.0 reached episode 3450
0.0.0 reached episode 3450
0.0.0 reached episode 3450
0.0.0 reached episode 3450
0.0.0 reached episode 3500
0.0.0 reached episode 3500
0.0.0 reached episode 3500
0.0.0 reached episode 3500
0.0.0 reached episode 3500
0.0.0 reached episode 3500
0.0.0 reached episode 3500
0.0.0 reached episode 3500
0.0.0 reached episode 3500
0.0.0 reached episode 3500
0.0.0 reached episode 3550
0.0.0 reached episode 3550
0.0.0 reached episode 3550
0.0.0 reached episode 3550
0.0.0 reached episode 3550
0.0.0 reached episode 3550
0.0.0 reached episode 3550
0.0.0 reached episode 3550
0.0.0 reached episode 3550
0.0.0 reached episode 3550
0.0.0 reached episode 3600
0.0.0 reached episode 3600
0.0.0 reached episode 3600
0.0.0 reached episode 3600
0.0.0 reached episode 3600
0.0.0 reached episode 3600
0.0.0 reached episode 3600
0.0.0 reached episode 3600
0.0.0 reached episode 3600
0.0.0 reached episode 3600
0.0.0 reached episode 3650
0.0.0 reached episode 3650
0.0.0 reached episode 3650
0.0.0 reached episode 3650
0.0.0 reached episode 3650
0.0.0 reached episode 3650
0.0.0 reached episode 3650
0.0.0 reached episode 3650
0.0.0 reached episode 3650
0.0.0 reached episode 3650
0.0.0 reached episode 3700
0.0.0 reached episode 3700
0.0.0 reached episode 3700
0.0.0 reached episode 3700
0.0.0 reached episode 3700
0.0.0 reached episode 3700
0.0.0 reached episode 3700
0.0.0 reached episode 3700
0.0.0 reached episode 3700
0.0.0 reached episode 3700
0.0.0 reached episode 3750
0.0.0 reached episode 3750
0.0.0 reached episode 3750
0.0.0 reached episode 3750
0.0.0 reached episode 3750
0.0.0 reached episode 3750
0.0.0 reached episode 3750
0.0.0 reached episode 3750
0.0.0 reached episode 3750
0.0.0 reached episode 3750
0.0.0 reached episode 3800
0.0.0 reached episode 3800
0.0.0 reached episode 3800
0.0.0 reached episode 3800
0.0.0 reached episode 3800
0.0.0 reached episode 3800
0.0.0 reached episode 3800
0.0.0 reached episode 3800
0.0.0 reached episode 3800
0.0.0 reached episode 3800
0.0.0 reached episode 3850
0.0.0 reached episode 3850
0.0.0 reached episode 3850
0.0.0 reached episode 3850
0.0.0 reached episode 3850
0.0.0 reached episode 3850
0.0.0 reached episode 3850
0.0.0 reached episode 3850
0.0.0 reached episode 3850
0.0.0 reached episode 3850
0.0.0 reached episode 3900
0.0.0 reached episode 3900
0.0.0 reached episode 3900
0.0.0 reached episode 3900
0.0.0 reached episode 3900
0.0.0 reached episode 3900
0.0.0 reached episode 3900
0.0.0 reached episode 3900
0.0.0 reached episode 3900
0.0.0 reached episode 3900
0.0.0 reached episode 3950
0.0.0 reached episode 3950
0.0.0 reached episode 3950
0.0.0 reached episode 3950
0.0.0 reached episode 3950
0.0.0 reached episode 3950
0.0.0 reached episode 3950
0.0.0 reached episode 3950
0.0.0 reached episode 3950
0.0.0 reached episode 3950
0.0.0 reached episode 4000
0.0.0 reached episode 4000
0.0.0 reached episode 4000
0.0.0 reached episode 4000
0.0.0 reached episode 4000
0.0.0 reached episode 4000
0.0.0 reached episode 4000
0.0.0 reached episode 4000
0.0.0 reached episode 4000
0.0.0 reached episode 4000
0.0.0 reached episode 4050
0.0.0 reached episode 4050
0.0.0 reached episode 4050
0.0.0 reached episode 4050
0.0.0 reached episode 4050
0.0.0 reached episode 4050
0.0.0 reached episode 4050
0.0.0 reached episode 4050
0.0.0 reached episode 4050
0.0.0 reached episode 4050
0.0.0 reached episode 4100
0.0.0 reached episode 4100
0.0.0 reached episode 4100
0.0.0 reached episode 4100
0.0.0 reached episode 4100
0.0.0 reached episode 4100
0.0.0 reached episode 4100
0.0.0 reached episode 4100
0.0.0 reached episode 4100
0.0.0 reached episode 4100
0.0.0 reached episode 4150
0.0.0 reached episode 4150
0.0.0 reached episode 4150
0.0.0 reached episode 4150
0.0.0 reached episode 4150
0.0.0 reached episode 4150
0.0.0 reached episode 4150
0.0.0 reached episode 4150
0.0.0 reached episode 4150
0.0.0 reached episode 4150
0.0.0 reached episode 4200
0.0.0 reached episode 4200
0.0.0 reached episode 4200
0.0.0 reached episode 4200
0.0.0 reached episode 4200
0.0.0 reached episode 4200
0.0.0 reached episode 4200
0.0.0 reached episode 4200
0.0.0 reached episode 4200
0.0.0 reached episode 4200
0.0.0 reached episode 4250
0.0.0 reached episode 4250
0.0.0 reached episode 4250
0.0.0 reached episode 4250
0.0.0 reached episode 4250
0.0.0 reached episode 4250
0.0.0 reached episode 4250
0.0.0 reached episode 4250
0.0.0 reached episode 4250
0.0.0 reached episode 4250
0.0.0 reached episode 4300
0.0.0 reached episode 4300
0.0.0 reached episode 4300
0.0.0 reached episode 4300
0.0.0 reached episode 4300
0.0.0 reached episode 4300
0.0.0 reached episode 4300
0.0.0 reached episode 4300
0.0.0 reached episode 4300
0.0.0 reached episode 4300
0.0.0 reached episode 4350
0.0.0 reached episode 4350
0.0.0 reached episode 4350
0.0.0 reached episode 4350
0.0.0 reached episode 4350
0.0.0 reached episode 4350
0.0.0 reached episode 4350
0.0.0 reached episode 4350
0.0.0 reached episode 4350
0.0.0 reached episode 4350
0.0.0 reached episode 4400
0.0.0 reached episode 4400
0.0.0 reached episode 4400
0.0.0 reached episode 4400
0.0.0 reached episode 4400
0.0.0 reached episode 4400
0.0.0 reached episode 4400
0.0.0 reached episode 4400
0.0.0 reached episode 4400
0.0.0 reached episode 4400
0.0.0 reached episode 4450
0.0.0 reached episode 4450
0.0.0 reached episode 4450
0.0.0 reached episode 4450
0.0.0 reached episode 4450
0.0.0 reached episode 4450
0.0.0 reached episode 4450
0.0.0 reached episode 4450
0.0.0 reached episode 4450
0.0.0 reached episode 4450
0.0.0 reached episode 4500
0.0.0 reached episode 4500
0.0.0 reached episode 4500
0.0.0 reached episode 4500
0.0.0 reached episode 4500
0.0.0 reached episode 4500
0.0.0 reached episode 4500
0.0.0 reached episode 4500
0.0.0 reached episode 4500
0.0.0 reached episode 4500
0.0.0 reached episode 4550
0.0.0 reached episode 4550
0.0.0 reached episode 4550
0.0.0 reached episode 4550
0.0.0 reached episode 4550
0.0.0 reached episode 4550
0.0.0 reached episode 4550
0.0.0 reached episode 4550
0.0.0 reached episode 4550
0.0.0 reached episode 4550
0.0.0 reached episode 4600
0.0.0 reached episode 4600
0.0.0 reached episode 4600
0.0.0 reached episode 4600
0.0.0 reached episode 4600
0.0.0 reached episode 4600
0.0.0 reached episode 4600
0.0.0 reached episode 4600
0.0.0 reached episode 4600
0.0.0 reached episode 4600
0.0.0 reached episode 4650
0.0.0 reached episode 4650
0.0.0 reached episode 4650
0.0.0 reached episode 4650
0.0.0 reached episode 4650
0.0.0 reached episode 4650
0.0.0 reached episode 4650
0.0.0 reached episode 4650
0.0.0 reached episode 4650
0.0.0 reached episode 4650
0.0.0 reached episode 4700
0.0.0 reached episode 4700
0.0.0 reached episode 4700
0.0.0 reached episode 4700
0.0.0 reached episode 4700
0.0.0 reached episode 4700
0.0.0 reached episode 4700
0.0.0 reached episode 4700
0.0.0 reached episode 4700
0.0.0 reached episode 4700
0.0.0 reached episode 4750
0.0.0 reached episode 4750
0.0.0 reached episode 4750
0.0.0 reached episode 4750
0.0.0 reached episode 4750
0.0.0 reached episode 4750
0.0.0 reached episode 4750
0.0.0 reached episode 4750
0.0.0 reached episode 4750
0.0.0 reached episode 4750
0.0.0 reached episode 4800
0.0.0 reached episode 4800
0.0.0 reached episode 4800
0.0.0 reached episode 4800
0.0.0 reached episode 4800
0.0.0 reached episode 4800
0.0.0 reached episode 4800
0.0.0 reached episode 4800
0.0.0 reached episode 4800
0.0.0 reached episode 4800
0.0.0 reached episode 4850
0.0.0 reached episode 4850
0.0.0 reached episode 4850
0.0.0 reached episode 4850
0.0.0 reached episode 4850
0.0.0 reached episode 4850
0.0.0 reached episode 4850
0.0.0 reached episode 4850
0.0.0 reached episode 4850
0.0.0 reached episode 4850
0.0.0 reached episode 4900
0.0.0 reached episode 4900
0.0.0 reached episode 4900
0.0.0 reached episode 4900
0.0.0 reached episode 4900
0.0.0 reached episode 4900
0.0.0 reached episode 4900
0.0.0 reached episode 4900
0.0.0 reached episode 4900
0.0.0 reached episode 4900
0.0.0 reached episode 4950
0.0.0 reached episode 4950
0.0.0 reached episode 4950
0.0.0 reached episode 4950
0.0.0 reached episode 4950
0.0.0 reached episode 4950
0.0.0 reached episode 4950
0.0.0 reached episode 4950
0.0.0 reached episode 4950
0.0.0 reached episode 4950
0.0.0 reached episode 5000
0.0.0 reached episode 5000
0.0.0 reached episode 5000
0.0.0 reached episode 5000
0.0.0 reached episode 5000
0.0.0 reached episode 5000
0.0.0 reached episode 5000
0.0.0 reached episode 5000
0.0.0 reached episode 5000
0.0.0 reached episode 5000
0.0.0 reached episode 5050
0.0.0 reached episode 5050
0.0.0 reached episode 5050
0.0.0 reached episode 5050
0.0.0 reached episode 5050
0.0.0 reached episode 5050
0.0.0 reached episode 5050
0.0.0 reached episode 5050
0.0.0 reached episode 5050
0.0.0 reached episode 5050
0.0.0 reached episode 5100
0.0.0 reached episode 5100
0.0.0 reached episode 5100
0.0.0 reached episode 5100
0.0.0 reached episode 5100
0.0.0 reached episode 5100
0.0.0 reached episode 5100
0.0.0 reached episode 5100
0.0.0 reached episode 5100
0.0.0 reached episode 5100
0.0.0 reached episode 5150
0.0.0 reached episode 5150
0.0.0 reached episode 5150
0.0.0 reached episode 5150
0.0.0 reached episode 5150
0.0.0 reached episode 5150
0.0.0 reached episode 5150
0.0.0 reached episode 5150
0.0.0 reached episode 5150
0.0.0 reached episode 5150
0.0.0 reached episode 5200
0.0.0 reached episode 5200
0.0.0 reached episode 5200
0.0.0 reached episode 5200
0.0.0 reached episode 5200
0.0.0 reached episode 5200
0.0.0 reached episode 5200
0.0.0 reached episode 5200
0.0.0 reached episode 5200
0.0.0 reached episode 5200
0.0.0 reached episode 5250
0.0.0 reached episode 5250
0.0.0 reached episode 5250
0.0.0 reached episode 5250
0.0.0 reached episode 5250
0.0.0 reached episode 5250
0.0.0 reached episode 5250
0.0.0 reached episode 5250
0.0.0 reached episode 5250
0.0.0 reached episode 5250
0.0.0 reached episode 5300
0.0.0 reached episode 5300
0.0.0 reached episode 5300
0.0.0 reached episode 5300
0.0.0 reached episode 5300
0.0.0 reached episode 5300
0.0.0 reached episode 5300
0.0.0 reached episode 5300
0.0.0 reached episode 5300
0.0.0 reached episode 5300
0.0.0 reached episode 5350
0.0.0 reached episode 5350
0.0.0 reached episode 5350
0.0.0 reached episode 5350
0.0.0 reached episode 5350
0.0.0 reached episode 5350
0.0.0 reached episode 5350
0.0.0 reached episode 5350
0.0.0 reached episode 5350
0.0.0 reached episode 5350
0.0.0 reached episode 5400
0.0.0 reached episode 5400
0.0.0 reached episode 5400
0.0.0 reached episode 5400
0.0.0 reached episode 5400
0.0.0 reached episode 5400
0.0.0 reached episode 5400
0.0.0 reached episode 5400
0.0.0 reached episode 5400
0.0.0 reached episode 5400
0.0.0 reached episode 5450
0.0.0 reached episode 5450
0.0.0 reached episode 5450
0.0.0 reached episode 5450
0.0.0 reached episode 5450
0.0.0 reached episode 5450
0.0.0 reached episode 5450
0.0.0 reached episode 5450
0.0.0 reached episode 5450
0.0.0 reached episode 5450
0.0.0 reached episode 5500
0.0.0 reached episode 5500
0.0.0 reached episode 5500
0.0.0 reached episode 5500
0.0.0 reached episode 5500
0.0.0 reached episode 5500
0.0.0 reached episode 5500
0.0.0 reached episode 5500
0.0.0 reached episode 5500
0.0.0 reached episode 5500
0.0.0 reached episode 5550
0.0.0 reached episode 5550
0.0.0 reached episode 5550
0.0.0 reached episode 5550
0.0.0 reached episode 5550
0.0.0 reached episode 5550
0.0.0 reached episode 5550
0.0.0 reached episode 5550
0.0.0 reached episode 5550
0.0.0 reached episode 5550
0.0.0 reached episode 5600
0.0.0 reached episode 5600
0.0.0 reached episode 5600
0.0.0 reached episode 5600
0.0.0 reached episode 5600
0.0.0 reached episode 5600
0.0.0 reached episode 5600
0.0.0 reached episode 5600
0.0.0 reached episode 5600
0.0.0 reached episode 5600
0.0.0 reached episode 5650
0.0.0 reached episode 5650
0.0.0 reached episode 5650
0.0.0 reached episode 5650
0.0.0 reached episode 5650
0.0.0 reached episode 5650
0.0.0 reached episode 5650
0.0.0 reached episode 5650
0.0.0 reached episode 5650
0.0.0 reached episode 5650
0.0.0 reached episode 5700
0.0.0 reached episode 5700
0.0.0 reached episode 5700
0.0.0 reached episode 5700
0.0.0 reached episode 5700
0.0.0 reached episode 5700
0.0.0 reached episode 5700
0.0.0 reached episode 5700
0.0.0 reached episode 5700
0.0.0 reached episode 5700
0.0.0 reached episode 5750
0.0.0 reached episode 5750
0.0.0 reached episode 5750
0.0.0 reached episode 5750
0.0.0 reached episode 5750
0.0.0 reached episode 5750
0.0.0 reached episode 5750
0.0.0 reached episode 5750
0.0.0 reached episode 5750
0.0.0 reached episode 5750
0.0.0 reached episode 5800
0.0.0 reached episode 5800
0.0.0 reached episode 5800
0.0.0 reached episode 5800
0.0.0 reached episode 5800
0.0.0 reached episode 5800
0.0.0 reached episode 5800
0.0.0 reached episode 5800
0.0.0 reached episode 5800
0.0.0 reached episode 5800
0.0.0 reached episode 5850
0.0.0 reached episode 5850
0.0.0 reached episode 5850
0.0.0 reached episode 5850
0.0.0 reached episode 5850
0.0.0 reached episode 5850
0.0.0 reached episode 5850
0.0.0 reached episode 5850
0.0.0 reached episode 5850
0.0.0 reached episode 5850
0.0.0 reached episode 5900
0.0.0 reached episode 5900
0.0.0 reached episode 5900
0.0.0 reached episode 5900
0.0.0 reached episode 5900
0.0.0 reached episode 5900
0.0.0 reached episode 5900
0.0.0 reached episode 5900
0.0.0 reached episode 5900
0.0.0 reached episode 5900
0.0.0 reached episode 5950
0.0.0 reached episode 5950
0.0.0 reached episode 5950
0.0.0 reached episode 5950
0.0.0 reached episode 5950
0.0.0 reached episode 5950
0.0.0 reached episode 5950
0.0.0 reached episode 5950
0.0.0 reached episode 5950
0.0.0 reached episode 5950
0.0.0 reached episode 6000
0.0.0 reached episode 6000
=============joining and removing thread ============ <Worker(Thread-7, stopped daemon 140260696626944)>
=============joining and removing thread ============ <Worker(Thread-10, stopped daemon 140260193326848)>
0.0.0 reached episode 6000
0.0.0 reached episode 6000
=============joining and removing thread ============ <Worker(Thread-2, stopped daemon 140260738590464)>
=============joining and removing thread ============ <Worker(Thread-4, stopped daemon 140260721805056)>
0.0.0 reached episode 6000
0.0.0 reached episode 6000
=============joining and removing thread ============ <Worker(Thread-8, stopped daemon 140260210112256)>
0.0.0 reached episode 6000
0.0.0 reached episode 6000
=============joining and removing thread ============ <Worker(Thread-1, stopped daemon 140260746983168)>
=============joining and removing thread ============ <Worker(Thread-6, stopped daemon 140260705019648)>
0.0.0 reached episode 6000
0.0.0 reached episode 6000
=============joining and removing thread ============ <Worker(Thread-3, stopped daemon 140260730197760)>
=============joining and removing thread ============ <Worker(Thread-9, stopped daemon 140260201719552)>
=============joining and removing thread ============ <Worker(Thread-5, stopped daemon 140260713412352)>
Good bye!

			Thanks for playing!  :)
